c:\engine\arc\bin-intermediates\debug-windows-x86_64\arc\arc.pch
c:\engine\arc\bin-intermediates\debug-windows-x86_64\arc\arc.pdb
c:\engine\arc\bin-intermediates\debug-windows-x86_64\arc\arc.idb
c:\engine\arc\bin-intermediates\debug-windows-x86_64\arc\arcpch.obj
c:\engine\arc\bin-intermediates\debug-windows-x86_64\arc\windowswindow.obj
c:\engine\arc\bin-intermediates\debug-windows-x86_64\arc\windowsinput.obj
c:\engine\arc\bin-intermediates\debug-windows-x86_64\arc\log.obj
c:\engine\arc\bin-intermediates\debug-windows-x86_64\arc\layerstack.obj
c:\engine\arc\bin-intermediates\debug-windows-x86_64\arc\layer.obj
c:\engine\arc\bin-intermediates\debug-windows-x86_64\arc\imguilayer.obj
c:\engine\arc\bin-intermediates\debug-windows-x86_64\arc\imguibuild.obj
c:\engine\arc\bin-intermediates\debug-windows-x86_64\arc\application.obj
c:\engine\arc\bin\debug-windows-x86_64\arc\arc.lib
c:\engine\arc\arc\..\bin\debug-windows-x86_64\arc\arc.lib
c:\engine\arc\bin-intermediates\debug-windows-x86_64\arc\arc.tlog\cl.command.1.tlog
c:\engine\arc\bin-intermediates\debug-windows-x86_64\arc\arc.tlog\cl.read.1.tlog
c:\engine\arc\bin-intermediates\debug-windows-x86_64\arc\arc.tlog\cl.write.1.tlog
c:\engine\arc\bin-intermediates\debug-windows-x86_64\arc\arc.tlog\lib-link.read.1.tlog
c:\engine\arc\bin-intermediates\debug-windows-x86_64\arc\arc.tlog\lib-link.write.1.tlog
c:\engine\arc\bin-intermediates\debug-windows-x86_64\arc\arc.tlog\lib.command.1.tlog
