  cocoa_time.c
C:\Engine\Arc\GLFW\src\internal.h(194,1): fatal error C1189: #error:  "No supported window creation API selected"
  context.c
C:\Engine\Arc\GLFW\src\internal.h(194,1): fatal error C1189: #error:  "No supported window creation API selected"
  egl_context.c
C:\Engine\Arc\GLFW\src\internal.h(194,1): fatal error C1189: #error:  "No supported window creation API selected"
  glx_context.c
C:\Engine\Arc\GLFW\src\internal.h(194,1): fatal error C1189: #error:  "No supported window creation API selected"
  init.c
C:\Engine\Arc\GLFW\src\internal.h(194,1): fatal error C1189: #error:  "No supported window creation API selected"
  input.c
C:\Engine\Arc\GLFW\src\internal.h(194,1): fatal error C1189: #error:  "No supported window creation API selected"
  linux_joystick.c
C:\Engine\Arc\GLFW\src\internal.h(194,1): fatal error C1189: #error:  "No supported window creation API selected"
  monitor.c
C:\Engine\Arc\GLFW\src\internal.h(194,1): fatal error C1189: #error:  "No supported window creation API selected"
  null_init.c
C:\Engine\Arc\GLFW\src\internal.h(194,1): fatal error C1189: #error:  "No supported window creation API selected"
  null_joystick.c
C:\Engine\Arc\GLFW\src\internal.h(194,1): fatal error C1189: #error:  "No supported window creation API selected"
  null_monitor.c
C:\Engine\Arc\GLFW\src\internal.h(194,1): fatal error C1189: #error:  "No supported window creation API selected"
  null_window.c
C:\Engine\Arc\GLFW\src\internal.h(194,1): fatal error C1189: #error:  "No supported window creation API selected"
  osmesa_context.c
C:\Engine\Arc\GLFW\src\internal.h(194,1): fatal error C1189: #error:  "No supported window creation API selected"
  posix_thread.c
C:\Engine\Arc\GLFW\src\internal.h(194,1): fatal error C1189: #error:  "No supported window creation API selected"
  posix_time.c
C:\Engine\Arc\GLFW\src\internal.h(194,1): fatal error C1189: #error:  "No supported window creation API selected"
  vulkan.c
C:\Engine\Arc\GLFW\src\internal.h(194,1): fatal error C1189: #error:  "No supported window creation API selected"
  wgl_context.c
C:\Engine\Arc\GLFW\src\internal.h(194,1): fatal error C1189: #error:  "No supported window creation API selected"
  win32_init.c
C:\Engine\Arc\GLFW\src\internal.h(194,1): fatal error C1189: #error:  "No supported window creation API selected"
  win32_joystick.c
C:\Engine\Arc\GLFW\src\internal.h(194,1): fatal error C1189: #error:  "No supported window creation API selected"
  win32_monitor.c
C:\Engine\Arc\GLFW\src\internal.h(194,1): fatal error C1189: #error:  "No supported window creation API selected"
  Создание кода...
  Компиляция...
  win32_thread.c
C:\Engine\Arc\GLFW\src\internal.h(194,1): fatal error C1189: #error:  "No supported window creation API selected"
  win32_time.c
C:\Engine\Arc\GLFW\src\internal.h(194,1): fatal error C1189: #error:  "No supported window creation API selected"
  win32_window.c
C:\Engine\Arc\GLFW\src\internal.h(194,1): fatal error C1189: #error:  "No supported window creation API selected"
  window.c
C:\Engine\Arc\GLFW\src\internal.h(194,1): fatal error C1189: #error:  "No supported window creation API selected"
  wl_init.c
C:\Engine\Arc\GLFW\src\internal.h(194,1): fatal error C1189: #error:  "No supported window creation API selected"
  wl_monitor.c
C:\Engine\Arc\GLFW\src\internal.h(194,1): fatal error C1189: #error:  "No supported window creation API selected"
  wl_window.c
C:\Engine\Arc\GLFW\src\internal.h(194,1): fatal error C1189: #error:  "No supported window creation API selected"
  x11_init.c
C:\Engine\Arc\GLFW\src\internal.h(194,1): fatal error C1189: #error:  "No supported window creation API selected"
  x11_monitor.c
C:\Engine\Arc\GLFW\src\internal.h(194,1): fatal error C1189: #error:  "No supported window creation API selected"
  x11_window.c
C:\Engine\Arc\GLFW\src\internal.h(194,1): fatal error C1189: #error:  "No supported window creation API selected"
  xkb_unicode.c
C:\Engine\Arc\GLFW\src\internal.h(194,1): fatal error C1189: #error:  "No supported window creation API selected"
  Создание кода...
